yarn run v1.22.19
$ tsc --noEmit
node_modules/@types/node/ts4.8/test.d.ts(612,34): error TS1005: '?' expected.
node_modules/@types/node/ts4.8/test.d.ts(613,17): error TS1005: ':' expected.
node_modules/@types/node/ts4.8/test.d.ts(614,17): error TS1005: ',' expected.
node_modules/@types/node/ts4.8/test.d.ts(617,34): error TS1005: '?' expected.
node_modules/@types/node/ts4.8/test.d.ts(618,17): error TS1005: ':' expected.
node_modules/@types/node/ts4.8/test.d.ts(619,17): error TS1005: ',' expected.
node_modules/@types/node/ts4.8/test.d.ts(619,26): error TS1005: ',' expected.
node_modules/@types/node/ts4.8/test.d.ts(620,5): error TS1109: Expression expected.
node_modules/@types/node/ts4.8/test.d.ts(624,24): error TS1005: ',' expected.
node_modules/@types/node/ts4.8/test.d.ts(628,35): error TS1005: ',' expected.
node_modules/@types/node/ts4.8/test.d.ts(634,39): error TS1005: ',' expected.
node_modules/@types/node/ts4.8/test.d.ts(638,21): error TS1005: ',' expected.
node_modules/@types/node/ts4.8/test.d.ts(643,19): error TS1005: ',' expected.
node_modules/@types/node/ts4.8/test.d.ts(643,27): error TS1005: ':' expected.
node_modules/@types/node/ts4.8/test.d.ts(643,36): error TS1005: ',' expected.
node_modules/@types/node/ts4.8/test.d.ts(643,55): error TS1005: '{' expected.
node_modules/@types/node/ts4.8/test.d.ts(643,64): error TS1005: ',' expected.
node_modules/@types/node/ts4.8/test.d.ts(643,77): error TS1005: ',' expected.
node_modules/@types/node/ts4.8/test.d.ts(647,22): error TS1005: ',' expected.
info Visit https://yarnpkg.com/en/docs/cli/run for documentation about this command.
